# JRE version: OpenJDK Runtime Environment (8.0_302-b08) (build 1.8.0_302-b08)
# Java VM: OpenJDK 64-Bit Server VM (25.302-b08 mixed mode windows-amd64 compressed oops)
Heap:
 PSYoungGen      total 649216K, used 448536K [0x00000000d6f00000, 0x0000000100000000, 0x0000000100000000)
  eden space 626688K, 71% used [0x00000000d6f00000,0x00000000f2506028,0x00000000fd300000)
  from space 22528K, 0% used [0x00000000fea00000,0x00000000fea00000,0x0000000100000000)
  to   space 23040K, 0% used [0x00000000fd300000,0x00000000fd300000,0x00000000fe980000)
 ParOldGen       total 124416K, used 51750K [0x0000000084c00000, 0x000000008c580000, 0x00000000d6f00000)
  object space 124416K, 41% used [0x0000000084c00000,0x0000000087e89ba8,0x000000008c580000)
 Metaspace       used 107069K, capacity 113351K, committed 113536K, reserved 1148928K
  class space    used 13425K, capacity 14459K, committed 14464K, reserved 1048576K
GC Heap History (10 events):
Event: 19.192 GC heap before
{Heap before GC invocations=16 (full 3):
 PSYoungGen      total 499200K, used 489984K [0x00000000d6f00000, 0x00000000f6e80000, 0x0000000100000000)
  eden space 489984K, 100% used [0x00000000d6f00000,0x00000000f4d80000,0x00000000f4d80000)
  from space 9216K, 0% used [0x00000000f6580000,0x00000000f6580000,0x00000000f6e80000)
  to   space 14336K, 0% used [0x00000000f5280000,0x00000000f5280000,0x00000000f6080000)
 ParOldGen       total 89088K, used 28105K [0x0000000084c00000, 0x000000008a300000, 0x00000000d6f00000)
  object space 89088K, 31% used [0x0000000084c00000,0x00000000867726b8,0x000000008a300000)
 Metaspace       used 72615K, capacity 75653K, committed 75904K, reserved 1116160K
  class space    used 9307K, capacity 9848K, committed 9856K, reserved 1048576K
Event: 19.232 GC heap after
Heap after GC invocations=16 (full 3):
 PSYoungGen      total 509440K, used 14324K [0x00000000d6f00000, 0x0000000100000000, 0x0000000100000000)
  eden space 495104K, 0% used [0x00000000d6f00000,0x00000000d6f00000,0x00000000f5280000)
  from space 14336K, 99% used [0x00000000f5280000,0x00000000f607d240,0x00000000f6080000)
  to   space 18944K, 0% used [0x00000000fed80000,0x00000000fed80000,0x0000000100000000)
 ParOldGen       total 89088K, used 34371K [0x0000000084c00000, 0x000000008a300000, 0x00000000d6f00000)
  object space 89088K, 38% used [0x0000000084c00000,0x0000000086d90d40,0x000000008a300000)
 Metaspace       used 72615K, capacity 75653K, committed 75904K, reserved 1116160K
  class space    used 9307K, capacity 9848K, committed 9856K, reserved 1048576K
}
Event: 23.339 GC heap before
{Heap before GC invocations=17 (full 3):
 PSYoungGen      total 509440K, used 509428K [0x00000000d6f00000, 0x0000000100000000, 0x0000000100000000)
  eden space 495104K, 100% used [0x00000000d6f00000,0x00000000f5280000,0x00000000f5280000)
  from space 14336K, 99% used [0x00000000f5280000,0x00000000f607d240,0x00000000f6080000)
  to   space 18944K, 0% used [0x00000000fed80000,0x00000000fed80000,0x0000000100000000)
 ParOldGen       total 89088K, used 34371K [0x0000000084c00000, 0x000000008a300000, 0x00000000d6f00000)
  object space 89088K, 38% used [0x0000000084c00000,0x0000000086d90d40,0x000000008a300000)
 Metaspace       used 84112K, capacity 88117K, committed 88448K, reserved 1126400K
  class space    used 10598K, capacity 11292K, committed 11392K, reserved 1048576K
Event: 23.365 GC heap after
Heap after GC invocations=17 (full 3):
 PSYoungGen      total 650752K, used 15469K [0x00000000d6f00000, 0x0000000100000000, 0x0000000100000000)
  eden space 631808K, 0% used [0x00000000d6f00000,0x00000000d6f00000,0x00000000fd800000)
  from space 18944K, 81% used [0x00000000fed80000,0x00000000ffc9b580,0x0000000100000000)
  to   space 20480K, 0% used [0x00000000fd800000,0x00000000fd800000,0x00000000fec00000)
 ParOldGen       total 89088K, used 40616K [0x0000000084c00000, 0x000000008a300000, 0x00000000d6f00000)
  object space 89088K, 45% used [0x0000000084c00000,0x00000000873aa148,0x000000008a300000)
 Metaspace       used 84112K, capacity 88117K, committed 88448K, reserved 1126400K
  class space    used 10598K, capacity 11292K, committed 11392K, reserved 1048576K
}
Event: 27.399 GC heap before
{Heap before GC invocations=18 (full 3):
 PSYoungGen      total 650752K, used 647277K [0x00000000d6f00000, 0x0000000100000000, 0x0000000100000000)
  eden space 631808K, 100% used [0x00000000d6f00000,0x00000000fd800000,0x00000000fd800000)
  from space 18944K, 81% used [0x00000000fed80000,0x00000000ffc9b580,0x0000000100000000)
  to   space 20480K, 0% used [0x00000000fd800000,0x00000000fd800000,0x00000000fec00000)
 ParOldGen       total 89088K, used 40616K [0x0000000084c00000, 0x000000008a300000, 0x00000000d6f00000)
  object space 89088K, 45% used [0x0000000084c00000,0x00000000873aa148,0x000000008a300000)
 Metaspace       used 93390K, capacity 97975K, committed 98176K, reserved 1134592K
  class space    used 11620K, capacity 12395K, committed 12416K, reserved 1048576K
Event: 27.441 GC heap after
Heap after GC invocations=18 (full 3):
 PSYoungGen      total 649728K, used 17778K [0x00000000d6f00000, 0x0000000100000000, 0x0000000100000000)
  eden space 631808K, 0% used [0x00000000d6f00000,0x00000000d6f00000,0x00000000fd800000)
  from space 17920K, 99% used [0x00000000fd800000,0x00000000fe95c818,0x00000000fe980000)
  to   space 22528K, 0% used [0x00000000fea00000,0x00000000fea00000,0x0000000100000000)
 ParOldGen       total 89088K, used 50108K [0x0000000084c00000, 0x000000008a300000, 0x00000000d6f00000)
  object space 89088K, 56% used [0x0000000084c00000,0x0000000087cef160,0x000000008a300000)
 Metaspace       used 93390K, capacity 97975K, committed 98176K, reserved 1134592K
  class space    used 11620K, capacity 12395K, committed 12416K, reserved 1048576K
}
Event: 27.485 GC heap before
{Heap before GC invocations=19 (full 3):
 PSYoungGen      total 649728K, used 29693K [0x00000000d6f00000, 0x0000000100000000, 0x0000000100000000)
  eden space 631808K, 1% used [0x00000000d6f00000,0x00000000d7aa2f50,0x00000000fd800000)
  from space 17920K, 99% used [0x00000000fd800000,0x00000000fe95c818,0x00000000fe980000)
  to   space 22528K, 0% used [0x00000000fea00000,0x00000000fea00000,0x0000000100000000)
 ParOldGen       total 89088K, used 50108K [0x0000000084c00000, 0x000000008a300000, 0x00000000d6f00000)
  object space 89088K, 56% used [0x0000000084c00000,0x0000000087cef160,0x000000008a300000)
 Metaspace       used 93593K, capacity 98137K, committed 98304K, reserved 1134592K
  class space    used 11651K, capacity 12428K, committed 12544K, reserved 1048576K
Event: 27.506 GC heap after
Heap after GC invocations=19 (full 3):
 PSYoungGen      total 649216K, used 352K [0x00000000d6f00000, 0x0000000100000000, 0x0000000100000000)
  eden space 626688K, 0% used [0x00000000d6f00000,0x00000000d6f00000,0x00000000fd300000)
  from space 22528K, 1% used [0x00000000fea00000,0x00000000fea58000,0x0000000100000000)
  to   space 23040K, 0% used [0x00000000fd300000,0x00000000fd300000,0x00000000fe980000)
 ParOldGen       total 89088K, used 62718K [0x0000000084c00000, 0x000000008a300000, 0x00000000d6f00000)
  object space 89088K, 70% used [0x0000000084c00000,0x000000008893fad0,0x000000008a300000)
 Metaspace       used 93593K, capacity 98137K, committed 98304K, reserved 1134592K
  class space    used 11651K, capacity 12428K, committed 12544K, reserved 1048576K
}
Event: 27.506 GC heap before
{Heap before GC invocations=20 (full 4):
 PSYoungGen      total 649216K, used 352K [0x00000000d6f00000, 0x0000000100000000, 0x0000000100000000)
  eden space 626688K, 0% used [0x00000000d6f00000,0x00000000d6f00000,0x00000000fd300000)
  from space 22528K, 1% used [0x00000000fea00000,0x00000000fea58000,0x0000000100000000)
  to   space 23040K, 0% used [0x00000000fd300000,0x00000000fd300000,0x00000000fe980000)
 ParOldGen       total 89088K, used 62718K [0x0000000084c00000, 0x000000008a300000, 0x00000000d6f00000)
  object space 89088K, 70% used [0x0000000084c00000,0x000000008893fad0,0x000000008a300000)
 Metaspace       used 93593K, capacity 98137K, committed 98304K, reserved 1134592K
  class space    used 11651K, capacity 12428K, committed 12544K, reserved 1048576K
Event: 27.713 GC heap after
Heap after GC invocations=20 (full 4):
 PSYoungGen      total 649216K, used 0K [0x00000000d6f00000, 0x0000000100000000, 0x0000000100000000)
  eden space 626688K, 0% used [0x00000000d6f00000,0x00000000d6f00000,0x00000000fd300000)
  from space 22528K, 0% used [0x00000000fea00000,0x00000000fea00000,0x0000000100000000)
  to   space 23040K, 0% used [0x00000000fd300000,0x00000000fd300000,0x00000000fe980000)
 ParOldGen       total 124416K, used 51750K [0x0000000084c00000, 0x000000008c580000, 0x00000000d6f00000)
  object space 124416K, 41% used [0x0000000084c00000,0x0000000087e89ba8,0x000000008c580000)
 Metaspace       used 93593K, capacity 98137K, committed 98304K, reserved 1134592K
  class space    used 11651K, capacity 12428K, committed 12544K, reserved 1048576K
}

