# JRE version: OpenJDK Runtime Environment (8.0_302-b08) (build 1.8.0_302-b08)
# Java VM: OpenJDK 64-Bit Server VM (25.302-b08 mixed mode windows-amd64 compressed oops)
Heap:
 PSYoungGen      total 649728K, used 355455K [0x00000000d6f00000, 0x0000000100000000, 0x0000000100000000)
  eden space 627712K, 56% used [0x00000000d6f00000,0x00000000eca1fd88,0x00000000fd400000)
  from space 22016K, 0% used [0x00000000fea80000,0x00000000fea80000,0x0000000100000000)
  to   space 22528K, 0% used [0x00000000fd400000,0x00000000fd400000,0x00000000fea00000)
 ParOldGen       total 131072K, used 51219K [0x0000000084c00000, 0x000000008cc00000, 0x00000000d6f00000)
  object space 131072K, 39% used [0x0000000084c00000,0x0000000087e04d50,0x000000008cc00000)
 Metaspace       used 107954K, capacity 113529K, committed 113792K, reserved 1148928K
  class space    used 13460K, capacity 14398K, committed 14464K, reserved 1048576K
GC Heap History (10 events):
Event: 19.707 GC heap before
{Heap before GC invocations=16 (full 3):
 PSYoungGen      total 486400K, used 475648K [0x00000000d6f00000, 0x00000000f6000000, 0x0000000100000000)
  eden space 475648K, 100% used [0x00000000d6f00000,0x00000000f3f80000,0x00000000f3f80000)
  from space 10752K, 0% used [0x00000000f5580000,0x00000000f5580000,0x00000000f6000000)
  to   space 14848K, 0% used [0x00000000f4300000,0x00000000f4300000,0x00000000f5180000)
 ParOldGen       total 93184K, used 28734K [0x0000000084c00000, 0x000000008a700000, 0x00000000d6f00000)
  object space 93184K, 30% used [0x0000000084c00000,0x000000008680f890,0x000000008a700000)
 Metaspace       used 72579K, capacity 75579K, committed 75648K, reserved 1116160K
  class space    used 9298K, capacity 9847K, committed 9856K, reserved 1048576K
Event: 19.733 GC heap after
Heap after GC invocations=16 (full 3):
 PSYoungGen      total 494080K, used 14823K [0x00000000d6f00000, 0x00000000ffd80000, 0x0000000100000000)
  eden space 479232K, 0% used [0x00000000d6f00000,0x00000000d6f00000,0x00000000f4300000)
  from space 14848K, 99% used [0x00000000f4300000,0x00000000f5179c60,0x00000000f5180000)
  to   space 18432K, 0% used [0x00000000feb80000,0x00000000feb80000,0x00000000ffd80000)
 ParOldGen       total 93184K, used 34015K [0x0000000084c00000, 0x000000008a700000, 0x00000000d6f00000)
  object space 93184K, 36% used [0x0000000084c00000,0x0000000086d37de0,0x000000008a700000)
 Metaspace       used 72579K, capacity 75579K, committed 75648K, reserved 1116160K
  class space    used 9298K, capacity 9847K, committed 9856K, reserved 1048576K
}
Event: 24.467 GC heap before
{Heap before GC invocations=17 (full 3):
 PSYoungGen      total 494080K, used 494055K [0x00000000d6f00000, 0x00000000ffd80000, 0x0000000100000000)
  eden space 479232K, 100% used [0x00000000d6f00000,0x00000000f4300000,0x00000000f4300000)
  from space 14848K, 99% used [0x00000000f4300000,0x00000000f5179c60,0x00000000f5180000)
  to   space 18432K, 0% used [0x00000000feb80000,0x00000000feb80000,0x00000000ffd80000)
 ParOldGen       total 93184K, used 34015K [0x0000000084c00000, 0x000000008a700000, 0x00000000d6f00000)
  object space 93184K, 36% used [0x0000000084c00000,0x0000000086d37de0,0x000000008a700000)
 Metaspace       used 83533K, capacity 87457K, committed 87552K, reserved 1126400K
  class space    used 10520K, capacity 11186K, committed 11264K, reserved 1048576K
Event: 24.521 GC heap after
Heap after GC invocations=17 (full 3):
 PSYoungGen      total 648704K, used 14745K [0x00000000d6f00000, 0x00000000ffd80000, 0x0000000100000000)
  eden space 630272K, 0% used [0x00000000d6f00000,0x00000000d6f00000,0x00000000fd680000)
  from space 18432K, 79% used [0x00000000feb80000,0x00000000ff9e64e0,0x00000000ffd80000)
  to   space 19968K, 0% used [0x00000000fd680000,0x00000000fd680000,0x00000000fea00000)
 ParOldGen       total 93184K, used 40076K [0x0000000084c00000, 0x000000008a700000, 0x00000000d6f00000)
  object space 93184K, 43% used [0x0000000084c00000,0x00000000873231e8,0x000000008a700000)
 Metaspace       used 83533K, capacity 87457K, committed 87552K, reserved 1126400K
  class space    used 10520K, capacity 11186K, committed 11264K, reserved 1048576K
}
Event: 29.132 GC heap before
{Heap before GC invocations=18 (full 3):
 PSYoungGen      total 648704K, used 645017K [0x00000000d6f00000, 0x00000000ffd80000, 0x0000000100000000)
  eden space 630272K, 100% used [0x00000000d6f00000,0x00000000fd680000,0x00000000fd680000)
  from space 18432K, 79% used [0x00000000feb80000,0x00000000ff9e64e0,0x00000000ffd80000)
  to   space 19968K, 0% used [0x00000000fd680000,0x00000000fd680000,0x00000000fea00000)
 ParOldGen       total 93184K, used 40076K [0x0000000084c00000, 0x000000008a700000, 0x00000000d6f00000)
  object space 93184K, 43% used [0x0000000084c00000,0x00000000873231e8,0x000000008a700000)
 Metaspace       used 93348K, capacity 97861K, committed 97920K, reserved 1134592K
  class space    used 11604K, capacity 12362K, committed 12416K, reserved 1048576K
Event: 29.167 GC heap after
Heap after GC invocations=18 (full 3):
 PSYoungGen      total 650240K, used 18006K [0x00000000d6f00000, 0x0000000100000000, 0x0000000100000000)
  eden space 630272K, 0% used [0x00000000d6f00000,0x00000000d6f00000,0x00000000fd680000)
  from space 19968K, 90% used [0x00000000fd680000,0x00000000fe815ac0,0x00000000fea00000)
  to   space 22016K, 0% used [0x00000000fea80000,0x00000000fea80000,0x0000000100000000)
 ParOldGen       total 93184K, used 49208K [0x0000000084c00000, 0x000000008a700000, 0x00000000d6f00000)
  object space 93184K, 52% used [0x0000000084c00000,0x0000000087c0e200,0x000000008a700000)
 Metaspace       used 93348K, capacity 97861K, committed 97920K, reserved 1134592K
  class space    used 11604K, capacity 12362K, committed 12416K, reserved 1048576K
}
Event: 29.322 GC heap before
{Heap before GC invocations=19 (full 3):
 PSYoungGen      total 650240K, used 41762K [0x00000000d6f00000, 0x0000000100000000, 0x0000000100000000)
  eden space 630272K, 3% used [0x00000000d6f00000,0x00000000d8633108,0x00000000fd680000)
  from space 19968K, 90% used [0x00000000fd680000,0x00000000fe815ac0,0x00000000fea00000)
  to   space 22016K, 0% used [0x00000000fea80000,0x00000000fea80000,0x0000000100000000)
 ParOldGen       total 93184K, used 49208K [0x0000000084c00000, 0x000000008a700000, 0x00000000d6f00000)
  object space 93184K, 52% used [0x0000000084c00000,0x0000000087c0e200,0x000000008a700000)
 Metaspace       used 93888K, capacity 98437K, committed 98560K, reserved 1134592K
  class space    used 11673K, capacity 12444K, committed 12544K, reserved 1048576K
Event: 29.345 GC heap after
Heap after GC invocations=19 (full 3):
 PSYoungGen      total 649728K, used 800K [0x00000000d6f00000, 0x0000000100000000, 0x0000000100000000)
  eden space 627712K, 0% used [0x00000000d6f00000,0x00000000d6f00000,0x00000000fd400000)
  from space 22016K, 3% used [0x00000000fea80000,0x00000000feb48000,0x0000000100000000)
  to   space 22528K, 0% used [0x00000000fd400000,0x00000000fd400000,0x00000000fea00000)
 ParOldGen       total 93184K, used 61455K [0x0000000084c00000, 0x000000008a700000, 0x00000000d6f00000)
  object space 93184K, 65% used [0x0000000084c00000,0x0000000088803f90,0x000000008a700000)
 Metaspace       used 93888K, capacity 98437K, committed 98560K, reserved 1134592K
  class space    used 11673K, capacity 12444K, committed 12544K, reserved 1048576K
}
Event: 29.345 GC heap before
{Heap before GC invocations=20 (full 4):
 PSYoungGen      total 649728K, used 800K [0x00000000d6f00000, 0x0000000100000000, 0x0000000100000000)
  eden space 627712K, 0% used [0x00000000d6f00000,0x00000000d6f00000,0x00000000fd400000)
  from space 22016K, 3% used [0x00000000fea80000,0x00000000feb48000,0x0000000100000000)
  to   space 22528K, 0% used [0x00000000fd400000,0x00000000fd400000,0x00000000fea00000)
 ParOldGen       total 93184K, used 61455K [0x0000000084c00000, 0x000000008a700000, 0x00000000d6f00000)
  object space 93184K, 65% used [0x0000000084c00000,0x0000000088803f90,0x000000008a700000)
 Metaspace       used 93888K, capacity 98437K, committed 98560K, reserved 1134592K
  class space    used 11673K, capacity 12444K, committed 12544K, reserved 1048576K
Event: 29.592 GC heap after
Heap after GC invocations=20 (full 4):
 PSYoungGen      total 649728K, used 0K [0x00000000d6f00000, 0x0000000100000000, 0x0000000100000000)
  eden space 627712K, 0% used [0x00000000d6f00000,0x00000000d6f00000,0x00000000fd400000)
  from space 22016K, 0% used [0x00000000fea80000,0x00000000fea80000,0x0000000100000000)
  to   space 22528K, 0% used [0x00000000fd400000,0x00000000fd400000,0x00000000fea00000)
 ParOldGen       total 131072K, used 51219K [0x0000000084c00000, 0x000000008cc00000, 0x00000000d6f00000)
  object space 131072K, 39% used [0x0000000084c00000,0x0000000087e04d50,0x000000008cc00000)
 Metaspace       used 93888K, capacity 98437K, committed 98560K, reserved 1134592K
  class space    used 11673K, capacity 12444K, committed 12544K, reserved 1048576K
}

