# JRE version: OpenJDK Runtime Environment (8.0_302-b08) (build 1.8.0_302-b08)
# Java VM: OpenJDK 64-Bit Server VM (25.302-b08 mixed mode windows-amd64 compressed oops)
Heap:
 PSYoungGen      total 650752K, used 395195K [0x00000000d6f00000, 0x0000000100000000, 0x0000000100000000)
  eden space 628736K, 62% used [0x00000000d6f00000,0x00000000ef0eec28,0x00000000fd500000)
  from space 22016K, 0% used [0x00000000fea80000,0x00000000fea80000,0x0000000100000000)
  to   space 22016K, 0% used [0x00000000fd500000,0x00000000fd500000,0x00000000fea80000)
 ParOldGen       total 123904K, used 50930K [0x0000000084c00000, 0x000000008c500000, 0x00000000d6f00000)
  object space 123904K, 41% used [0x0000000084c00000,0x0000000087dbc8e8,0x000000008c500000)
 Metaspace       used 107867K, capacity 113441K, committed 113792K, reserved 1148928K
  class space    used 13459K, capacity 14394K, committed 14464K, reserved 1048576K
GC Heap History (10 events):
Event: 17.646 GC heap before
{Heap before GC invocations=16 (full 3):
 PSYoungGen      total 486912K, used 478208K [0x00000000d6f00000, 0x00000000f6280000, 0x0000000100000000)
  eden space 478208K, 100% used [0x00000000d6f00000,0x00000000f4200000,0x00000000f4200000)
  from space 8704K, 0% used [0x00000000f5a00000,0x00000000f5a00000,0x00000000f6280000)
  to   space 14336K, 0% used [0x00000000f4680000,0x00000000f4680000,0x00000000f5480000)
 ParOldGen       total 92160K, used 27846K [0x0000000084c00000, 0x000000008a600000, 0x00000000d6f00000)
  object space 92160K, 30% used [0x0000000084c00000,0x0000000086731928,0x000000008a600000)
 Metaspace       used 72378K, capacity 75359K, committed 75648K, reserved 1116160K
  class space    used 9267K, capacity 9815K, committed 9856K, reserved 1048576K
Event: 17.667 GC heap after
Heap after GC invocations=16 (full 3):
 PSYoungGen      total 497152K, used 14315K [0x00000000d6f00000, 0x0000000100000000, 0x0000000100000000)
  eden space 482816K, 0% used [0x00000000d6f00000,0x00000000d6f00000,0x00000000f4680000)
  from space 14336K, 99% used [0x00000000f4680000,0x00000000f547acf0,0x00000000f5480000)
  to   space 18432K, 0% used [0x00000000fee00000,0x00000000fee00000,0x0000000100000000)
 ParOldGen       total 92160K, used 33698K [0x0000000084c00000, 0x000000008a600000, 0x00000000d6f00000)
  object space 92160K, 36% used [0x0000000084c00000,0x0000000086ce8b88,0x000000008a600000)
 Metaspace       used 72378K, capacity 75359K, committed 75648K, reserved 1116160K
  class space    used 9267K, capacity 9815K, committed 9856K, reserved 1048576K
}
Event: 21.412 GC heap before
{Heap before GC invocations=17 (full 3):
 PSYoungGen      total 497152K, used 497131K [0x00000000d6f00000, 0x0000000100000000, 0x0000000100000000)
  eden space 482816K, 100% used [0x00000000d6f00000,0x00000000f4680000,0x00000000f4680000)
  from space 14336K, 99% used [0x00000000f4680000,0x00000000f547acf0,0x00000000f5480000)
  to   space 18432K, 0% used [0x00000000fee00000,0x00000000fee00000,0x0000000100000000)
 ParOldGen       total 92160K, used 33698K [0x0000000084c00000, 0x000000008a600000, 0x00000000d6f00000)
  object space 92160K, 36% used [0x0000000084c00000,0x0000000086ce8b88,0x000000008a600000)
 Metaspace       used 83850K, capacity 87765K, committed 87808K, reserved 1126400K
  class space    used 10559K, capacity 11222K, committed 11264K, reserved 1048576K
Event: 21.442 GC heap after
Heap after GC invocations=17 (full 3):
 PSYoungGen      total 645120K, used 15158K [0x00000000d6f00000, 0x00000000ffd00000, 0x0000000100000000)
  eden space 629760K, 0% used [0x00000000d6f00000,0x00000000d6f00000,0x00000000fd600000)
  from space 15360K, 98% used [0x00000000fee00000,0x00000000ffccda80,0x00000000ffd00000)
  to   space 19968K, 0% used [0x00000000fd600000,0x00000000fd600000,0x00000000fe980000)
 ParOldGen       total 92160K, used 39855K [0x0000000084c00000, 0x000000008a600000, 0x00000000d6f00000)
  object space 92160K, 43% used [0x0000000084c00000,0x00000000872ebf90,0x000000008a600000)
 Metaspace       used 83850K, capacity 87765K, committed 87808K, reserved 1126400K
  class space    used 10559K, capacity 11222K, committed 11264K, reserved 1048576K
}
Event: 25.691 GC heap before
{Heap before GC invocations=18 (full 3):
 PSYoungGen      total 645120K, used 644918K [0x00000000d6f00000, 0x00000000ffd00000, 0x0000000100000000)
  eden space 629760K, 100% used [0x00000000d6f00000,0x00000000fd600000,0x00000000fd600000)
  from space 15360K, 98% used [0x00000000fee00000,0x00000000ffccda80,0x00000000ffd00000)
  to   space 19968K, 0% used [0x00000000fd600000,0x00000000fd600000,0x00000000fe980000)
 ParOldGen       total 92160K, used 39855K [0x0000000084c00000, 0x000000008a600000, 0x00000000d6f00000)
  object space 92160K, 43% used [0x0000000084c00000,0x00000000872ebf90,0x000000008a600000)
 Metaspace       used 93568K, capacity 98141K, committed 98304K, reserved 1134592K
  class space    used 11664K, capacity 12432K, committed 12544K, reserved 1048576K
Event: 25.736 GC heap after
Heap after GC invocations=18 (full 3):
 PSYoungGen      total 649728K, used 18023K [0x00000000d6f00000, 0x0000000100000000, 0x0000000100000000)
  eden space 629760K, 0% used [0x00000000d6f00000,0x00000000d6f00000,0x00000000fd600000)
  from space 19968K, 90% used [0x00000000fd600000,0x00000000fe799d78,0x00000000fe980000)
  to   space 22016K, 0% used [0x00000000fea80000,0x00000000fea80000,0x0000000100000000)
 ParOldGen       total 92160K, used 49035K [0x0000000084c00000, 0x000000008a600000, 0x00000000d6f00000)
  object space 92160K, 53% used [0x0000000084c00000,0x0000000087be2fa8,0x000000008a600000)
 Metaspace       used 93568K, capacity 98141K, committed 98304K, reserved 1134592K
  class space    used 11664K, capacity 12432K, committed 12544K, reserved 1048576K
}
Event: 25.755 GC heap before
{Heap before GC invocations=19 (full 3):
 PSYoungGen      total 649728K, used 29927K [0x00000000d6f00000, 0x0000000100000000, 0x0000000100000000)
  eden space 629760K, 1% used [0x00000000d6f00000,0x00000000d7aa0068,0x00000000fd600000)
  from space 19968K, 90% used [0x00000000fd600000,0x00000000fe799d78,0x00000000fe980000)
  to   space 22016K, 0% used [0x00000000fea80000,0x00000000fea80000,0x0000000100000000)
 ParOldGen       total 92160K, used 49035K [0x0000000084c00000, 0x000000008a600000, 0x00000000d6f00000)
  object space 92160K, 53% used [0x0000000084c00000,0x0000000087be2fa8,0x000000008a600000)
 Metaspace       used 93632K, capacity 98153K, committed 98304K, reserved 1134592K
  class space    used 11673K, capacity 12436K, committed 12544K, reserved 1048576K
Event: 25.770 GC heap after
Heap after GC invocations=19 (full 3):
 PSYoungGen      total 650752K, used 12448K [0x00000000d6f00000, 0x0000000100000000, 0x0000000100000000)
  eden space 628736K, 0% used [0x00000000d6f00000,0x00000000d6f00000,0x00000000fd500000)
  from space 22016K, 56% used [0x00000000fea80000,0x00000000ff6a8050,0x0000000100000000)
  to   space 22016K, 0% used [0x00000000fd500000,0x00000000fd500000,0x00000000fea80000)
 ParOldGen       total 92160K, used 49043K [0x0000000084c00000, 0x000000008a600000, 0x00000000d6f00000)
  object space 92160K, 53% used [0x0000000084c00000,0x0000000087be4fa8,0x000000008a600000)
 Metaspace       used 93632K, capacity 98153K, committed 98304K, reserved 1134592K
  class space    used 11673K, capacity 12436K, committed 12544K, reserved 1048576K
}
Event: 25.770 GC heap before
{Heap before GC invocations=20 (full 4):
 PSYoungGen      total 650752K, used 12448K [0x00000000d6f00000, 0x0000000100000000, 0x0000000100000000)
  eden space 628736K, 0% used [0x00000000d6f00000,0x00000000d6f00000,0x00000000fd500000)
  from space 22016K, 56% used [0x00000000fea80000,0x00000000ff6a8050,0x0000000100000000)
  to   space 22016K, 0% used [0x00000000fd500000,0x00000000fd500000,0x00000000fea80000)
 ParOldGen       total 92160K, used 49043K [0x0000000084c00000, 0x000000008a600000, 0x00000000d6f00000)
  object space 92160K, 53% used [0x0000000084c00000,0x0000000087be4fa8,0x000000008a600000)
 Metaspace       used 93632K, capacity 98153K, committed 98304K, reserved 1134592K
  class space    used 11673K, capacity 12436K, committed 12544K, reserved 1048576K
Event: 25.979 GC heap after
Heap after GC invocations=20 (full 4):
 PSYoungGen      total 650752K, used 0K [0x00000000d6f00000, 0x0000000100000000, 0x0000000100000000)
  eden space 628736K, 0% used [0x00000000d6f00000,0x00000000d6f00000,0x00000000fd500000)
  from space 22016K, 0% used [0x00000000fea80000,0x00000000fea80000,0x0000000100000000)
  to   space 22016K, 0% used [0x00000000fd500000,0x00000000fd500000,0x00000000fea80000)
 ParOldGen       total 123904K, used 50930K [0x0000000084c00000, 0x000000008c500000, 0x00000000d6f00000)
  object space 123904K, 41% used [0x0000000084c00000,0x0000000087dbc8e8,0x000000008c500000)
 Metaspace       used 93632K, capacity 98153K, committed 98304K, reserved 1134592K
  class space    used 11673K, capacity 12436K, committed 12544K, reserved 1048576K
}

