# JRE version: OpenJDK Runtime Environment (8.0_302-b08) (build 1.8.0_302-b08)
# Java VM: OpenJDK 64-Bit Server VM (25.302-b08 mixed mode windows-amd64 compressed oops)
Heap:
 PSYoungGen      total 649216K, used 358114K [0x00000000d6f00000, 0x0000000100000000, 0x0000000100000000)
  eden space 631808K, 56% used [0x00000000d6f00000,0x00000000eccb8b58,0x00000000fd800000)
  from space 17408K, 0% used [0x00000000fd800000,0x00000000fd800000,0x00000000fe900000)
  to   space 22528K, 0% used [0x00000000fea00000,0x00000000fea00000,0x0000000100000000)
 ParOldGen       total 138240K, used 55801K [0x0000000084c00000, 0x000000008d300000, 0x00000000d6f00000)
  object space 138240K, 40% used [0x0000000084c00000,0x000000008827e788,0x000000008d300000)
 Metaspace       used 108197K, capacity 113755K, committed 113792K, reserved 1148928K
  class space    used 13493K, capacity 14431K, committed 14464K, reserved 1048576K
GC Heap History (10 events):
Event: 14.707 GC heap before
{Heap before GC invocations=15 (full 3):
 PSYoungGen      total 502272K, used 8719K [0x00000000d6f00000, 0x00000000f7080000, 0x0000000100000000)
  eden space 493056K, 0% used [0x00000000d6f00000,0x00000000d6f00000,0x00000000f5080000)
  from space 9216K, 94% used [0x00000000f6780000,0x00000000f7003e00,0x00000000f7080000)
  to   space 14336K, 0% used [0x00000000f5480000,0x00000000f5480000,0x00000000f6280000)
 ParOldGen       total 60928K, used 28496K [0x0000000084c00000, 0x0000000088780000, 0x00000000d6f00000)
  object space 60928K, 46% used [0x0000000084c00000,0x00000000867d4340,0x0000000088780000)
 Metaspace       used 56281K, capacity 58841K, committed 59008K, reserved 1101824K
  class space    used 6968K, capacity 7435K, committed 7552K, reserved 1048576K
Event: 14.954 GC heap after
Heap after GC invocations=15 (full 3):
 PSYoungGen      total 502272K, used 0K [0x00000000d6f00000, 0x00000000f7080000, 0x0000000100000000)
  eden space 493056K, 0% used [0x00000000d6f00000,0x00000000d6f00000,0x00000000f5080000)
  from space 9216K, 0% used [0x00000000f6780000,0x00000000f6780000,0x00000000f7080000)
  to   space 14336K, 0% used [0x00000000f5480000,0x00000000f5480000,0x00000000f6280000)
 ParOldGen       total 90112K, used 27873K [0x0000000084c00000, 0x000000008a400000, 0x00000000d6f00000)
  object space 90112K, 30% used [0x0000000084c00000,0x0000000086738790,0x000000008a400000)
 Metaspace       used 56281K, capacity 58841K, committed 59008K, reserved 1101824K
  class space    used 6968K, capacity 7435K, committed 7552K, reserved 1048576K
}
Event: 19.743 GC heap before
{Heap before GC invocations=16 (full 3):
 PSYoungGen      total 502272K, used 493056K [0x00000000d6f00000, 0x00000000f7080000, 0x0000000100000000)
  eden space 493056K, 100% used [0x00000000d6f00000,0x00000000f5080000,0x00000000f5080000)
  from space 9216K, 0% used [0x00000000f6780000,0x00000000f6780000,0x00000000f7080000)
  to   space 14336K, 0% used [0x00000000f5480000,0x00000000f5480000,0x00000000f6280000)
 ParOldGen       total 90112K, used 27873K [0x0000000084c00000, 0x000000008a400000, 0x00000000d6f00000)
  object space 90112K, 30% used [0x0000000084c00000,0x0000000086738790,0x000000008a400000)
 Metaspace       used 72730K, capacity 75747K, committed 76032K, reserved 1116160K
  class space    used 9332K, capacity 9879K, committed 9984K, reserved 1048576K
Event: 19.772 GC heap after
Heap after GC invocations=16 (full 3):
 PSYoungGen      total 511488K, used 14305K [0x00000000d6f00000, 0x0000000100000000, 0x0000000100000000)
  eden space 497152K, 0% used [0x00000000d6f00000,0x00000000d6f00000,0x00000000f5480000)
  from space 14336K, 99% used [0x00000000f5480000,0x00000000f6278550,0x00000000f6280000)
  to   space 18944K, 0% used [0x00000000fed80000,0x00000000fed80000,0x0000000100000000)
 ParOldGen       total 90112K, used 34219K [0x0000000084c00000, 0x000000008a400000, 0x00000000d6f00000)
  object space 90112K, 37% used [0x0000000084c00000,0x0000000086d6afd0,0x000000008a400000)
 Metaspace       used 72730K, capacity 75747K, committed 76032K, reserved 1116160K
  class space    used 9332K, capacity 9879K, committed 9984K, reserved 1048576K
}
Event: 25.214 GC heap before
{Heap before GC invocations=17 (full 3):
 PSYoungGen      total 511488K, used 511457K [0x00000000d6f00000, 0x0000000100000000, 0x0000000100000000)
  eden space 497152K, 100% used [0x00000000d6f00000,0x00000000f5480000,0x00000000f5480000)
  from space 14336K, 99% used [0x00000000f5480000,0x00000000f6278550,0x00000000f6280000)
  to   space 18944K, 0% used [0x00000000fed80000,0x00000000fed80000,0x0000000100000000)
 ParOldGen       total 90112K, used 34219K [0x0000000084c00000, 0x000000008a400000, 0x00000000d6f00000)
  object space 90112K, 37% used [0x0000000084c00000,0x0000000086d6afd0,0x000000008a400000)
 Metaspace       used 84469K, capacity 88485K, committed 88704K, reserved 1126400K
  class space    used 10640K, capacity 11326K, committed 11392K, reserved 1048576K
Event: 25.247 GC heap after
Heap after GC invocations=17 (full 3):
 PSYoungGen      total 650752K, used 15552K [0x00000000d6f00000, 0x0000000100000000, 0x0000000100000000)
  eden space 631808K, 0% used [0x00000000d6f00000,0x00000000d6f00000,0x00000000fd800000)
  from space 18944K, 82% used [0x00000000fed80000,0x00000000ffcb0310,0x0000000100000000)
  to   space 20480K, 0% used [0x00000000fd800000,0x00000000fd800000,0x00000000fec00000)
 ParOldGen       total 90112K, used 40432K [0x0000000084c00000, 0x000000008a400000, 0x00000000d6f00000)
  object space 90112K, 44% used [0x0000000084c00000,0x000000008737c3d8,0x000000008a400000)
 Metaspace       used 84469K, capacity 88485K, committed 88704K, reserved 1126400K
  class space    used 10640K, capacity 11326K, committed 11392K, reserved 1048576K
}
Event: 28.947 GC heap before
{Heap before GC invocations=18 (full 3):
 PSYoungGen      total 650752K, used 627735K [0x00000000d6f00000, 0x0000000100000000, 0x0000000100000000)
  eden space 631808K, 96% used [0x00000000d6f00000,0x00000000fc4d5b98,0x00000000fd800000)
  from space 18944K, 82% used [0x00000000fed80000,0x00000000ffcb0310,0x0000000100000000)
  to   space 20480K, 0% used [0x00000000fd800000,0x00000000fd800000,0x00000000fec00000)
 ParOldGen       total 90112K, used 40432K [0x0000000084c00000, 0x000000008a400000, 0x00000000d6f00000)
  object space 90112K, 44% used [0x0000000084c00000,0x000000008737c3d8,0x000000008a400000)
 Metaspace       used 93664K, capacity 98185K, committed 98304K, reserved 1134592K
  class space    used 11656K, capacity 12426K, committed 12544K, reserved 1048576K
Event: 28.990 GC heap after
Heap after GC invocations=18 (full 3):
 PSYoungGen      total 649216K, used 17327K [0x00000000d6f00000, 0x0000000100000000, 0x0000000100000000)
  eden space 631808K, 0% used [0x00000000d6f00000,0x00000000d6f00000,0x00000000fd800000)
  from space 17408K, 99% used [0x00000000fd800000,0x00000000fe8ebe08,0x00000000fe900000)
  to   space 22528K, 0% used [0x00000000fea00000,0x00000000fea00000,0x0000000100000000)
 ParOldGen       total 90112K, used 49949K [0x0000000084c00000, 0x000000008a400000, 0x00000000d6f00000)
  object space 90112K, 55% used [0x0000000084c00000,0x0000000087cc75b0,0x000000008a400000)
 Metaspace       used 93664K, capacity 98185K, committed 98304K, reserved 1134592K
  class space    used 11656K, capacity 12426K, committed 12544K, reserved 1048576K
}
Event: 28.990 GC heap before
{Heap before GC invocations=19 (full 4):
 PSYoungGen      total 649216K, used 17327K [0x00000000d6f00000, 0x0000000100000000, 0x0000000100000000)
  eden space 631808K, 0% used [0x00000000d6f00000,0x00000000d6f00000,0x00000000fd800000)
  from space 17408K, 99% used [0x00000000fd800000,0x00000000fe8ebe08,0x00000000fe900000)
  to   space 22528K, 0% used [0x00000000fea00000,0x00000000fea00000,0x0000000100000000)
 ParOldGen       total 90112K, used 49949K [0x0000000084c00000, 0x000000008a400000, 0x00000000d6f00000)
  object space 90112K, 55% used [0x0000000084c00000,0x0000000087cc75b0,0x000000008a400000)
 Metaspace       used 93664K, capacity 98185K, committed 98304K, reserved 1134592K
  class space    used 11656K, capacity 12426K, committed 12544K, reserved 1048576K
Event: 29.206 GC heap after
Heap after GC invocations=19 (full 4):
 PSYoungGen      total 649216K, used 0K [0x00000000d6f00000, 0x0000000100000000, 0x0000000100000000)
  eden space 631808K, 0% used [0x00000000d6f00000,0x00000000d6f00000,0x00000000fd800000)
  from space 17408K, 0% used [0x00000000fd800000,0x00000000fd800000,0x00000000fe900000)
  to   space 22528K, 0% used [0x00000000fea00000,0x00000000fea00000,0x0000000100000000)
 ParOldGen       total 138240K, used 55801K [0x0000000084c00000, 0x000000008d300000, 0x00000000d6f00000)
  object space 138240K, 40% used [0x0000000084c00000,0x000000008827e788,0x000000008d300000)
 Metaspace       used 93664K, capacity 98185K, committed 98304K, reserved 1134592K
  class space    used 11656K, capacity 12426K, committed 12544K, reserved 1048576K
}

