# JRE version: Java(TM) SE Runtime Environment (8.0_202-b08) (build 1.8.0_202-b08)
# Java VM: Java HotSpot(TM) 64-Bit Server VM (25.202-b08 mixed mode windows-amd64 compressed oops)
Heap:
 PSYoungGen      total 374272K, used 231057K [0x0000000717380000, 0x0000000737a00000, 0x00000007c0000000)
  eden space 356352K, 59% used [0x0000000717380000,0x00000007243a4e18,0x000000072cf80000)
  from space 17920K, 99% used [0x000000072cf80000,0x000000072e0ff7b8,0x000000072e100000)
  to   space 20992K, 0% used [0x0000000736580000,0x0000000736580000,0x0000000737a00000)
 ParOldGen       total 388096K, used 23809K [0x00000005c5a00000, 0x00000005dd500000, 0x0000000717380000)
  object space 388096K, 6% used [0x00000005c5a00000,0x00000005c71404b0,0x00000005dd500000)
 Metaspace       used 84073K, capacity 88428K, committed 88664K, reserved 1126400K
  class space    used 11150K, capacity 11898K, committed 11904K, reserved 1048576K
GC Heap History (10 events):
Event: 3.469 GC heap before
{Heap before GC invocations=8 (full 2):
 PSYoungGen      total 212992K, used 191488K [0x0000000717380000, 0x000000072a180000, 0x00000007c0000000)
  eden space 191488K, 100% used [0x0000000717380000,0x0000000722e80000,0x0000000722e80000)
  from space 21504K, 0% used [0x0000000722e80000,0x0000000722e80000,0x0000000724380000)
  to   space 11776K, 0% used [0x0000000729600000,0x0000000729600000,0x000000072a180000)
 ParOldGen       total 315392K, used 11819K [0x00000005c5a00000, 0x00000005d8e00000, 0x0000000717380000)
  object space 315392K, 3% used [0x00000005c5a00000,0x00000005c658afd0,0x00000005d8e00000)
 Metaspace       used 40928K, capacity 43198K, committed 43352K, reserved 1087488K
  class space    used 5325K, capacity 5753K, committed 5760K, reserved 1048576K
Event: 3.475 GC heap after
Heap after GC invocations=8 (full 2):
 PSYoungGen      total 274432K, used 9914K [0x0000000717380000, 0x000000072a000000, 0x00000007c0000000)
  eden space 264192K, 0% used [0x0000000717380000,0x0000000717380000,0x0000000727580000)
  from space 10240K, 96% used [0x0000000729600000,0x0000000729fae8b8,0x000000072a000000)
  to   space 12288K, 0% used [0x0000000728800000,0x0000000728800000,0x0000000729400000)
 ParOldGen       total 315392K, used 11827K [0x00000005c5a00000, 0x00000005d8e00000, 0x0000000717380000)
  object space 315392K, 3% used [0x00000005c5a00000,0x00000005c658cfd0,0x00000005d8e00000)
 Metaspace       used 40928K, capacity 43198K, committed 43352K, reserved 1087488K
  class space    used 5325K, capacity 5753K, committed 5760K, reserved 1048576K
}
Event: 5.068 GC heap before
{Heap before GC invocations=9 (full 2):
 PSYoungGen      total 274432K, used 274106K [0x0000000717380000, 0x000000072a000000, 0x00000007c0000000)
  eden space 264192K, 100% used [0x0000000717380000,0x0000000727580000,0x0000000727580000)
  from space 10240K, 96% used [0x0000000729600000,0x0000000729fae8b8,0x000000072a000000)
  to   space 12288K, 0% used [0x0000000728800000,0x0000000728800000,0x0000000729400000)
 ParOldGen       total 315392K, used 11827K [0x00000005c5a00000, 0x00000005d8e00000, 0x0000000717380000)
  object space 315392K, 3% used [0x00000005c5a00000,0x00000005c658cfd0,0x00000005d8e00000)
 Metaspace       used 55597K, capacity 58148K, committed 58328K, reserved 1099776K
  class space    used 7128K, capacity 7574K, committed 7680K, reserved 1048576K
Event: 5.077 GC heap after
Heap after GC invocations=9 (full 2):
 PSYoungGen      total 295424K, used 12278K [0x0000000717380000, 0x000000072f280000, 0x00000007c0000000)
  eden space 283136K, 0% used [0x0000000717380000,0x0000000717380000,0x0000000728800000)
  from space 12288K, 99% used [0x0000000728800000,0x00000007293fd8d8,0x0000000729400000)
  to   space 17920K, 0% used [0x000000072e100000,0x000000072e100000,0x000000072f280000)
 ParOldGen       total 315392K, used 20375K [0x00000005c5a00000, 0x00000005d8e00000, 0x0000000717380000)
  object space 315392K, 6% used [0x00000005c5a00000,0x00000005c6de5ed0,0x00000005d8e00000)
 Metaspace       used 55597K, capacity 58148K, committed 58328K, reserved 1099776K
  class space    used 7128K, capacity 7574K, committed 7680K, reserved 1048576K
}
Event: 5.117 GC heap before
{Heap before GC invocations=10 (full 2):
 PSYoungGen      total 295424K, used 27804K [0x0000000717380000, 0x000000072f280000, 0x00000007c0000000)
  eden space 283136K, 5% used [0x0000000717380000,0x00000007182a97a8,0x0000000728800000)
  from space 12288K, 99% used [0x0000000728800000,0x00000007293fd8d8,0x0000000729400000)
  to   space 17920K, 0% used [0x000000072e100000,0x000000072e100000,0x000000072f280000)
 ParOldGen       total 315392K, used 20375K [0x00000005c5a00000, 0x00000005d8e00000, 0x0000000717380000)
  object space 315392K, 6% used [0x00000005c5a00000,0x00000005c6de5ed0,0x00000005d8e00000)
 Metaspace       used 56315K, capacity 58840K, committed 58968K, reserved 1099776K
  class space    used 7285K, capacity 7742K, committed 7808K, reserved 1048576K
Event: 5.125 GC heap after
Heap after GC invocations=10 (full 2):
 PSYoungGen      total 374272K, used 12495K [0x0000000717380000, 0x0000000737380000, 0x00000007c0000000)
  eden space 356352K, 0% used [0x0000000717380000,0x0000000717380000,0x000000072cf80000)
  from space 17920K, 69% used [0x000000072e100000,0x000000072ed33ed0,0x000000072f280000)
  to   space 17920K, 0% used [0x000000072cf80000,0x000000072cf80000,0x000000072e100000)
 ParOldGen       total 315392K, used 20375K [0x00000005c5a00000, 0x00000005d8e00000, 0x0000000717380000)
  object space 315392K, 6% used [0x00000005c5a00000,0x00000005c6de5ed0,0x00000005d8e00000)
 Metaspace       used 56315K, capacity 58840K, committed 58968K, reserved 1099776K
  class space    used 7285K, capacity 7742K, committed 7808K, reserved 1048576K
}
Event: 5.125 GC heap before
{Heap before GC invocations=11 (full 3):
 PSYoungGen      total 374272K, used 12495K [0x0000000717380000, 0x0000000737380000, 0x00000007c0000000)
  eden space 356352K, 0% used [0x0000000717380000,0x0000000717380000,0x000000072cf80000)
  from space 17920K, 69% used [0x000000072e100000,0x000000072ed33ed0,0x000000072f280000)
  to   space 17920K, 0% used [0x000000072cf80000,0x000000072cf80000,0x000000072e100000)
 ParOldGen       total 315392K, used 20375K [0x00000005c5a00000, 0x00000005d8e00000, 0x0000000717380000)
  object space 315392K, 6% used [0x00000005c5a00000,0x00000005c6de5ed0,0x00000005d8e00000)
 Metaspace       used 56315K, capacity 58840K, committed 58968K, reserved 1099776K
  class space    used 7285K, capacity 7742K, committed 7808K, reserved 1048576K
Event: 5.223 GC heap after
Heap after GC invocations=11 (full 3):
 PSYoungGen      total 374272K, used 0K [0x0000000717380000, 0x0000000737380000, 0x00000007c0000000)
  eden space 356352K, 0% used [0x0000000717380000,0x0000000717380000,0x000000072cf80000)
  from space 17920K, 0% used [0x000000072e100000,0x000000072e100000,0x000000072f280000)
  to   space 17920K, 0% used [0x000000072cf80000,0x000000072cf80000,0x000000072e100000)
 ParOldGen       total 388096K, used 21511K [0x00000005c5a00000, 0x00000005dd500000, 0x0000000717380000)
  object space 388096K, 5% used [0x00000005c5a00000,0x00000005c6f01ef8,0x00000005dd500000)
 Metaspace       used 56315K, capacity 58840K, committed 58968K, reserved 1099776K
  class space    used 7285K, capacity 7742K, committed 7808K, reserved 1048576K
}
Event: 7.487 GC heap before
{Heap before GC invocations=12 (full 3):
 PSYoungGen      total 374272K, used 356352K [0x0000000717380000, 0x0000000737380000, 0x00000007c0000000)
  eden space 356352K, 100% used [0x0000000717380000,0x000000072cf80000,0x000000072cf80000)
  from space 17920K, 0% used [0x000000072e100000,0x000000072e100000,0x000000072f280000)
  to   space 17920K, 0% used [0x000000072cf80000,0x000000072cf80000,0x000000072e100000)
 ParOldGen       total 388096K, used 21511K [0x00000005c5a00000, 0x00000005dd500000, 0x0000000717380000)
  object space 388096K, 5% used [0x00000005c5a00000,0x00000005c6f01ef8,0x00000005dd500000)
 Metaspace       used 73055K, capacity 76914K, committed 77144K, reserved 1116160K
  class space    used 9665K, capacity 10323K, committed 10368K, reserved 1048576K
Event: 7.499 GC heap after
Heap after GC invocations=12 (full 3):
 PSYoungGen      total 374272K, used 17917K [0x0000000717380000, 0x0000000737a00000, 0x00000007c0000000)
  eden space 356352K, 0% used [0x0000000717380000,0x0000000717380000,0x000000072cf80000)
  from space 17920K, 99% used [0x000000072cf80000,0x000000072e0ff7b8,0x000000072e100000)
  to   space 20992K, 0% used [0x0000000736580000,0x0000000736580000,0x0000000737a00000)
 ParOldGen       total 388096K, used 23809K [0x00000005c5a00000, 0x00000005dd500000, 0x0000000717380000)
  object space 388096K, 6% used [0x00000005c5a00000,0x00000005c71404b0,0x00000005dd500000)
 Metaspace       used 73055K, capacity 76914K, committed 77144K, reserved 1116160K
  class space    used 9665K, capacity 10323K, committed 10368K, reserved 1048576K
}

