# JRE version: Java(TM) SE Runtime Environment (8.0_202-b08) (build 1.8.0_202-b08)
# Java VM: Java HotSpot(TM) 64-Bit Server VM (25.202-b08 mixed mode windows-amd64 compressed oops)
Heap:
 PSYoungGen      total 538112K, used 156272K [0x0000000717380000, 0x0000000744f00000, 0x00000007c0000000)
  eden space 522240K, 26% used [0x0000000717380000,0x000000071fcf3638,0x0000000737180000)
  from space 15872K, 97% used [0x0000000742580000,0x00000007434a8d58,0x0000000743500000)
  to   space 26624K, 0% used [0x0000000743500000,0x0000000743500000,0x0000000744f00000)
 ParOldGen       total 429568K, used 32316K [0x00000005c5a00000, 0x00000005dfd80000, 0x0000000717380000)
  object space 429568K, 7% used [0x00000005c5a00000,0x00000005c798f398,0x00000005dfd80000)
 Metaspace       used 85674K, capacity 90042K, committed 90368K, reserved 1128448K
  class space    used 11160K, capacity 11913K, committed 12032K, reserved 1048576K
GC Heap History (10 events):
Event: 5.512 GC heap before
{Heap before GC invocations=8 (full 2):
 PSYoungGen      total 414720K, used 109425K [0x0000000717380000, 0x000000073bf00000, 0x00000007c0000000)
  eden space 393216K, 22% used [0x0000000717380000,0x000000071c95e700,0x000000072f380000)
  from space 21504K, 99% used [0x000000072f380000,0x000000073087dfa0,0x0000000730880000)
  to   space 23040K, 0% used [0x000000073a880000,0x000000073a880000,0x000000073bf00000)
 ParOldGen       total 304640K, used 12944K [0x00000005c5a00000, 0x00000005d8380000, 0x0000000717380000)
  object space 304640K, 4% used [0x00000005c5a00000,0x00000005c66a42d0,0x00000005d8380000)
 Metaspace       used 56477K, capacity 59006K, committed 59096K, reserved 1101824K
  class space    used 7306K, capacity 7775K, committed 7808K, reserved 1048576K
Event: 5.519 GC heap after
Heap after GC invocations=8 (full 2):
 PSYoungGen      total 573440K, used 15923K [0x0000000717380000, 0x000000073bc80000, 0x00000007c0000000)
  eden space 552960K, 0% used [0x0000000717380000,0x0000000717380000,0x0000000738f80000)
  from space 20480K, 77% used [0x000000073a880000,0x000000073b80cf20,0x000000073bc80000)
  to   space 23040K, 0% used [0x0000000738f80000,0x0000000738f80000,0x000000073a600000)
 ParOldGen       total 304640K, used 12952K [0x00000005c5a00000, 0x00000005d8380000, 0x0000000717380000)
  object space 304640K, 4% used [0x00000005c5a00000,0x00000005c66a62d0,0x00000005d8380000)
 Metaspace       used 56477K, capacity 59006K, committed 59096K, reserved 1101824K
  class space    used 7306K, capacity 7775K, committed 7808K, reserved 1048576K
}
Event: 5.519 GC heap before
{Heap before GC invocations=9 (full 3):
 PSYoungGen      total 573440K, used 15923K [0x0000000717380000, 0x000000073bc80000, 0x00000007c0000000)
  eden space 552960K, 0% used [0x0000000717380000,0x0000000717380000,0x0000000738f80000)
  from space 20480K, 77% used [0x000000073a880000,0x000000073b80cf20,0x000000073bc80000)
  to   space 23040K, 0% used [0x0000000738f80000,0x0000000738f80000,0x000000073a600000)
 ParOldGen       total 304640K, used 12952K [0x00000005c5a00000, 0x00000005d8380000, 0x0000000717380000)
  object space 304640K, 4% used [0x00000005c5a00000,0x00000005c66a62d0,0x00000005d8380000)
 Metaspace       used 56477K, capacity 59006K, committed 59096K, reserved 1101824K
  class space    used 7306K, capacity 7775K, committed 7808K, reserved 1048576K
Event: 5.612 GC heap after
Heap after GC invocations=9 (full 3):
 PSYoungGen      total 573440K, used 0K [0x0000000717380000, 0x000000073bc80000, 0x00000007c0000000)
  eden space 552960K, 0% used [0x0000000717380000,0x0000000717380000,0x0000000738f80000)
  from space 20480K, 0% used [0x000000073a880000,0x000000073a880000,0x000000073bc80000)
  to   space 23040K, 0% used [0x0000000738f80000,0x0000000738f80000,0x000000073a600000)
 ParOldGen       total 429568K, used 24814K [0x00000005c5a00000, 0x00000005dfd80000, 0x0000000717380000)
  object space 429568K, 5% used [0x00000005c5a00000,0x00000005c723bac8,0x00000005dfd80000)
 Metaspace       used 56477K, capacity 59006K, committed 59096K, reserved 1101824K
  class space    used 7306K, capacity 7775K, committed 7808K, reserved 1048576K
}
Event: 413.917 GC heap before
{Heap before GC invocations=10 (full 3):
 PSYoungGen      total 573440K, used 552960K [0x0000000717380000, 0x000000073bc80000, 0x00000007c0000000)
  eden space 552960K, 100% used [0x0000000717380000,0x0000000738f80000,0x0000000738f80000)
  from space 20480K, 0% used [0x000000073a880000,0x000000073a880000,0x000000073bc80000)
  to   space 23040K, 0% used [0x0000000738f80000,0x0000000738f80000,0x000000073a600000)
 ParOldGen       total 429568K, used 24814K [0x00000005c5a00000, 0x00000005dfd80000, 0x0000000717380000)
  object space 429568K, 5% used [0x00000005c5a00000,0x00000005c723bac8,0x00000005dfd80000)
 Metaspace       used 83290K, capacity 87686K, committed 87936K, reserved 1126400K
  class space    used 11042K, capacity 11801K, committed 11904K, reserved 1048576K
Event: 413.960 GC heap after
Heap after GC invocations=10 (full 3):
 PSYoungGen      total 576000K, used 23019K [0x0000000717380000, 0x0000000746c80000, 0x00000007c0000000)
  eden space 552960K, 0% used [0x0000000717380000,0x0000000717380000,0x0000000738f80000)
  from space 23040K, 99% used [0x0000000738f80000,0x000000073a5faf88,0x000000073a600000)
  to   space 30720K, 0% used [0x0000000744e80000,0x0000000744e80000,0x0000000746c80000)
 ParOldGen       total 429568K, used 32300K [0x00000005c5a00000, 0x00000005dfd80000, 0x0000000717380000)
  object space 429568K, 7% used [0x00000005c5a00000,0x00000005c798b398,0x00000005dfd80000)
 Metaspace       used 83290K, capacity 87686K, committed 87936K, reserved 1126400K
  class space    used 11042K, capacity 11801K, committed 11904K, reserved 1048576K
}
Event: 4011.504 GC heap before
{Heap before GC invocations=11 (full 3):
 PSYoungGen      total 576000K, used 575979K [0x0000000717380000, 0x0000000746c80000, 0x00000007c0000000)
  eden space 552960K, 100% used [0x0000000717380000,0x0000000738f80000,0x0000000738f80000)
  from space 23040K, 99% used [0x0000000738f80000,0x000000073a5faf88,0x000000073a600000)
  to   space 30720K, 0% used [0x0000000744e80000,0x0000000744e80000,0x0000000746c80000)
 ParOldGen       total 429568K, used 32300K [0x00000005c5a00000, 0x00000005dfd80000, 0x0000000717380000)
  object space 429568K, 7% used [0x00000005c5a00000,0x00000005c798b398,0x00000005dfd80000)
 Metaspace       used 85283K, capacity 89676K, committed 90112K, reserved 1128448K
  class space    used 11155K, capacity 11906K, committed 12032K, reserved 1048576K
Event: 4011.533 GC heap after
Heap after GC invocations=11 (full 3):
 PSYoungGen      total 552448K, used 15262K [0x0000000717380000, 0x0000000745d80000, 0x00000007c0000000)
  eden space 537088K, 0% used [0x0000000717380000,0x0000000717380000,0x0000000738000000)
  from space 15360K, 99% used [0x0000000744e80000,0x0000000745d67910,0x0000000745d80000)
  to   space 28672K, 0% used [0x0000000742580000,0x0000000742580000,0x0000000744180000)
 ParOldGen       total 429568K, used 32308K [0x00000005c5a00000, 0x00000005dfd80000, 0x0000000717380000)
  object space 429568K, 7% used [0x00000005c5a00000,0x00000005c798d398,0x00000005dfd80000)
 Metaspace       used 85283K, capacity 89676K, committed 90112K, reserved 1128448K
  class space    used 11155K, capacity 11906K, committed 12032K, reserved 1048576K
}
Event: 7611.548 GC heap before
{Heap before GC invocations=12 (full 3):
 PSYoungGen      total 552448K, used 552350K [0x0000000717380000, 0x0000000745d80000, 0x00000007c0000000)
  eden space 537088K, 100% used [0x0000000717380000,0x0000000738000000,0x0000000738000000)
  from space 15360K, 99% used [0x0000000744e80000,0x0000000745d67910,0x0000000745d80000)
  to   space 28672K, 0% used [0x0000000742580000,0x0000000742580000,0x0000000744180000)
 ParOldGen       total 429568K, used 32308K [0x00000005c5a00000, 0x00000005dfd80000, 0x0000000717380000)
  object space 429568K, 7% used [0x00000005c5a00000,0x00000005c798d398,0x00000005dfd80000)
 Metaspace       used 85640K, capacity 90038K, committed 90368K, reserved 1128448K
  class space    used 11160K, capacity 11913K, committed 12032K, reserved 1048576K
Event: 7611.570 GC heap after
Heap after GC invocations=12 (full 3):
 PSYoungGen      total 538112K, used 15523K [0x0000000717380000, 0x0000000744f00000, 0x00000007c0000000)
  eden space 522240K, 0% used [0x0000000717380000,0x0000000717380000,0x0000000737180000)
  from space 15872K, 97% used [0x0000000742580000,0x00000007434a8d58,0x0000000743500000)
  to   space 26624K, 0% used [0x0000000743500000,0x0000000743500000,0x0000000744f00000)
 ParOldGen       total 429568K, used 32316K [0x00000005c5a00000, 0x00000005dfd80000, 0x0000000717380000)
  object space 429568K, 7% used [0x00000005c5a00000,0x00000005c798f398,0x00000005dfd80000)
 Metaspace       used 85640K, capacity 90038K, committed 90368K, reserved 1128448K
  class space    used 11160K, capacity 11913K, committed 12032K, reserved 1048576K
}

